\BOOKMARK [0][-]{chapter.1}{\376\377\0001\000\040\000N\000a\000m\000e\000s\000p\000a\000c\000e\000\040\000I\000n\000d\000e\000x}{}% 1
\BOOKMARK [1][-]{section.1.1}{\376\377\0001\000.\0001\000\040\000N\000a\000m\000e\000s\000p\000a\000c\000e\000\040\000L\000i\000s\000t}{chapter.1}% 2
\BOOKMARK [0][-]{chapter.2}{\376\377\0002\000\040\000H\000i\000e\000r\000a\000r\000c\000h\000i\000c\000a\000l\000\040\000I\000n\000d\000e\000x}{}% 3
\BOOKMARK [1][-]{section.2.1}{\376\377\0002\000.\0001\000\040\000C\000l\000a\000s\000s\000\040\000H\000i\000e\000r\000a\000r\000c\000h\000y}{chapter.2}% 4
\BOOKMARK [0][-]{chapter.3}{\376\377\0003\000\040\000C\000l\000a\000s\000s\000\040\000I\000n\000d\000e\000x}{}% 5
\BOOKMARK [1][-]{section.3.1}{\376\377\0003\000.\0001\000\040\000C\000l\000a\000s\000s\000\040\000L\000i\000s\000t}{chapter.3}% 6
\BOOKMARK [0][-]{chapter.4}{\376\377\0004\000\040\000F\000i\000l\000e\000\040\000I\000n\000d\000e\000x}{}% 7
\BOOKMARK [1][-]{section.4.1}{\376\377\0004\000.\0001\000\040\000F\000i\000l\000e\000\040\000L\000i\000s\000t}{chapter.4}% 8
\BOOKMARK [0][-]{chapter.5}{\376\377\0005\000\040\000N\000a\000m\000e\000s\000p\000a\000c\000e\000\040\000D\000o\000c\000u\000m\000e\000n\000t\000a\000t\000i\000o\000n}{}% 9
\BOOKMARK [1][-]{section.5.1}{\376\377\0005\000.\0001\000\040\000k\000e\000r\000m\000i\000t\000\040\000N\000a\000m\000e\000s\000p\000a\000c\000e\000\040\000R\000e\000f\000e\000r\000e\000n\000c\000e}{chapter.5}% 10
\BOOKMARK [2][-]{subsection.5.1.1}{\376\377\0005\000.\0001\000.\0001\000\040\000V\000a\000r\000i\000a\000b\000l\000e\000\040\000D\000o\000c\000u\000m\000e\000n\000t\000a\000t\000i\000o\000n}{section.5.1}% 11
\BOOKMARK [3][-]{subsubsection.5.1.1.1}{\376\377\0005\000.\0001\000.\0001\000.\0001\000\040\000A\000N\000I\000M\000S\000I\000Z\000E}{subsection.5.1.1}% 12
\BOOKMARK [3][-]{subsubsection.5.1.1.2}{\376\377\0005\000.\0001\000.\0001\000.\0002\000\040\000b\000k\000i\000m}{subsection.5.1.1}% 13
\BOOKMARK [3][-]{subsubsection.5.1.1.3}{\376\377\0005\000.\0001\000.\0001\000.\0003\000\040\000e\000x\000d\000a\000t\000a\0001}{subsection.5.1.1}% 14
\BOOKMARK [3][-]{subsubsection.5.1.1.4}{\376\377\0005\000.\0001\000.\0001\000.\0004\000\040\000e\000x\000d\000a\000t\000a\0002}{subsection.5.1.1}% 15
\BOOKMARK [3][-]{subsubsection.5.1.1.5}{\376\377\0005\000.\0001\000.\0001\000.\0005\000\040\000e\000x\000a\000m\000p\000l\000e\000i\000m\000f\000o\000l}{subsection.5.1.1}% 16
\BOOKMARK [3][-]{subsubsection.5.1.1.6}{\376\377\0005\000.\0001\000.\0001\000.\0006\000\040\000G\000R\000A\000Y\000R\000A\000N\000G\000E}{subsection.5.1.1}% 17
\BOOKMARK [3][-]{subsubsection.5.1.1.7}{\376\377\0005\000.\0001\000.\0001\000.\0007\000\040\000i\000m}{subsection.5.1.1}% 18
\BOOKMARK [3][-]{subsubsection.5.1.1.8}{\376\377\0005\000.\0001\000.\0001\000.\0008\000\040\000I\000M\000S\000I\000Z\000E}{subsection.5.1.1}% 19
\BOOKMARK [3][-]{subsubsection.5.1.1.9}{\376\377\0005\000.\0001\000.\0001\000.\0009\000\040\000p\000r\000o\000c\000l\000i\000s\000t}{subsection.5.1.1}% 20
\BOOKMARK [3][-]{subsubsection.5.1.1.10}{\376\377\0005\000.\0001\000.\0001\000.\0001\0000\000\040\000S\000t\000r\000i\000n\000g\000T\000y\000p\000e\000s}{subsection.5.1.1}% 21
\BOOKMARK [3][-]{subsubsection.5.1.1.11}{\376\377\0005\000.\0001\000.\0001\000.\0001\0001\000\040\000t\000m\000p\000d\000i\000r}{subsection.5.1.1}% 22
\BOOKMARK [3][-]{subsubsection.5.1.1.12}{\376\377\0005\000.\0001\000.\0001\000.\0001\0002\000\040\000u\000n\000p\000i\000m}{subsection.5.1.1}% 23
\BOOKMARK [3][-]{subsubsection.5.1.1.13}{\376\377\0005\000.\0001\000.\0001\000.\0001\0003\000\040\000v\0001}{subsection.5.1.1}% 24
\BOOKMARK [1][-]{section.5.2}{\376\377\0005\000.\0002\000\040\000k\000e\000r\000r\000l\000i\000s\000t\000\040\000N\000a\000m\000e\000s\000p\000a\000c\000e\000\040\000R\000e\000f\000e\000r\000e\000n\000c\000e}{chapter.5}% 25
\BOOKMARK [2][-]{subsection.5.2.1}{\376\377\0005\000.\0002\000.\0001\000\040\000V\000a\000r\000i\000a\000b\000l\000e\000\040\000D\000o\000c\000u\000m\000e\000n\000t\000a\000t\000i\000o\000n}{section.5.2}% 26
\BOOKMARK [3][-]{subsubsection.5.2.1.1}{\376\377\0005\000.\0002\000.\0001\000.\0001\000\040\000A\000N\000I\000M\000S\000I\000Z\000E}{subsection.5.2.1}% 27
\BOOKMARK [3][-]{subsubsection.5.2.1.2}{\376\377\0005\000.\0002\000.\0001\000.\0002\000\040\000G\000R\000A\000Y\000R\000A\000N\000G\000E}{subsection.5.2.1}% 28
\BOOKMARK [3][-]{subsubsection.5.2.1.3}{\376\377\0005\000.\0002\000.\0001\000.\0003\000\040\000I\000M\000S\000I\000Z\000E}{subsection.5.2.1}% 29
\BOOKMARK [3][-]{subsubsection.5.2.1.4}{\376\377\0005\000.\0002\000.\0001\000.\0004\000\040\000S\000t\000r\000i\000n\000g\000T\000y\000p\000e\000s}{subsection.5.2.1}% 30
\BOOKMARK [0][-]{chapter.6}{\376\377\0006\000\040\000C\000l\000a\000s\000s\000\040\000D\000o\000c\000u\000m\000e\000n\000t\000a\000t\000i\000o\000n}{}% 31
\BOOKMARK [1][-]{section.6.1}{\376\377\0006\000.\0001\000\040\000k\000e\000r\000m\000i\000t\000.\000K\000e\000r\000r\000A\000r\000r\000a\000y\000\040\000C\000l\000a\000s\000s\000\040\000R\000e\000f\000e\000r\000e\000n\000c\000e}{chapter.6}% 32
\BOOKMARK [2][-]{subsection.6.1.1}{\376\377\0006\000.\0001\000.\0001\000\040\000D\000e\000t\000a\000i\000l\000e\000d\000\040\000D\000e\000s\000c\000r\000i\000p\000t\000i\000o\000n}{section.6.1}% 33
\BOOKMARK [2][-]{subsection.6.1.2}{\376\377\0006\000.\0001\000.\0002\000\040\000C\000o\000n\000s\000t\000r\000u\000c\000t\000o\000r\000\040\000\046\000\040\000D\000e\000s\000t\000r\000u\000c\000t\000o\000r\000\040\000D\000o\000c\000u\000m\000e\000n\000t\000a\000t\000i\000o\000n}{section.6.1}% 34
\BOOKMARK [3][-]{subsubsection.6.1.2.1}{\376\377\0006\000.\0001\000.\0002\000.\0001\000\040\000i\000n\000i\000t\000\050\000s\000e\000l\000f\000\051}{subsection.6.1.2}% 35
\BOOKMARK [2][-]{subsection.6.1.3}{\376\377\0006\000.\0001\000.\0003\000\040\000M\000e\000m\000b\000e\000r\000\040\000F\000u\000n\000c\000t\000i\000o\000n\000\040\000D\000o\000c\000u\000m\000e\000n\000t\000a\000t\000i\000o\000n}{section.6.1}% 36
\BOOKMARK [3][-]{subsubsection.6.1.3.1}{\376\377\0006\000.\0001\000.\0003\000.\0001\000\040\000a\000r\000r\000a\000y\000f\000i\000n\000a\000l\000i\000z\000e\000\050\000s\000e\000l\000f\000,\000\040\000o\000b\000j\000\051}{subsection.6.1.3}% 37
\BOOKMARK [3][-]{subsubsection.6.1.3.2}{\376\377\0006\000.\0001\000.\0003\000.\0002\000\040\000a\000r\000r\000a\000y\000w\000r\000a\000p\000\050\000s\000e\000l\000f\000,\000\040\000o\000u\000t\000a\000r\000r\000,\000\040\000c\000o\000n\000t\000e\000x\000t\000=\000N\000o\000n\000e\000\051}{subsection.6.1.3}% 38
\BOOKMARK [3][-]{subsubsection.6.1.3.3}{\376\377\0006\000.\0001\000.\0003\000.\0003\000\040\000n\000e\000w\000\050\000c\000l\000s\000,\000\040\000i\000m\000a\000g\000e\000,\000\040\000m\000e\000t\000a\000d\000a\000t\000a\000=\000\173\000\175\000\051}{subsection.6.1.3}% 39
\BOOKMARK [3][-]{subsubsection.6.1.3.4}{\376\377\0006\000.\0001\000.\0003\000.\0004\000\040\000c\000r\000o\000p\000i\000m\000a\000g\000e\000\050\000s\000e\000l\000f\000,\000\040\000c\000o\000o\000r\000d\000=\000N\000o\000n\000e\000,\000\040\000c\000o\000p\000y\000=\000T\000r\000u\000e\000\051}{subsection.6.1.3}% 40
\BOOKMARK [3][-]{subsubsection.6.1.3.5}{\376\377\0006\000.\0001\000.\0003\000.\0005\000\040\000c\000r\000o\000p\000t\000e\000x\000t\000\050\000s\000e\000l\000f\000,\000\040\000c\000o\000p\000y\000=\000F\000a\000l\000s\000e\000\051}{subsection.6.1.3}% 41
\BOOKMARK [3][-]{subsubsection.6.1.3.6}{\376\377\0006\000.\0001\000.\0003\000.\0006\000\040\000e\000d\000g\000e\000d\000e\000t\000\050\000f\000i\000l\000e\000n\000a\000m\000e\000,\000\040\000t\000h\000r\000e\000s\000h\000o\000l\000d\0001\000,\000\040\000t\000h\000r\000e\000s\000h\000o\000l\000d\0002\000\051}{subsection.6.1.3}% 42
\BOOKMARK [3][-]{subsubsection.6.1.3.7}{\376\377\0006\000.\0001\000.\0003\000.\0007\000\040\000f\000i\000l\000t\000e\000r\000i\000m\000a\000g\000e\000\050\000s\000e\000l\000f\000,\000\040\000s\000i\000g\000m\000a\000=\0002\000,\000\040\000b\000o\000x\000=\000N\000o\000n\000e\000\051}{subsection.6.1.3}% 43
\BOOKMARK [3][-]{subsubsection.6.1.3.8}{\376\377\0006\000.\0001\000.\0003\000.\0008\000\040\000g\000e\000t\000m\000e\000t\000a\000d\000a\000t\000a\000\050\000s\000e\000l\000f\000,\000\040\000f\000i\000e\000l\000d\000o\000n\000l\000y\000=\000F\000a\000l\000s\000e\000\051}{subsection.6.1.3}% 44
\BOOKMARK [3][-]{subsubsection.6.1.3.9}{\376\377\0006\000.\0001\000.\0003\000.\0009\000\040\000l\000e\000v\000e\000l\000i\000m\000a\000g\000e\000\050\000s\000e\000l\000f\000,\000\040\000p\000o\000l\000y\000v\000e\000r\000t\000=\0001\000,\000\040\000p\000o\000l\000y\000h\000o\000r\000i\000z\000=\0001\000,\000\040\000b\000o\000x\000=\000N\000o\000n\000e\000,\000\040\000p\000o\000l\000y\000=\000N\000o\000n\000e\000\051}{subsection.6.1.3}% 45
\BOOKMARK [3][-]{subsubsection.6.1.3.10}{\376\377\0006\000.\0001\000.\0003\000.\0001\0000\000\040\000N\000P\000P\000i\000x\000e\000l\000B\000W\000\050\000n\000p\000i\000m\000a\000g\000e\000,\000\040\000t\000h\000r\000e\000s\000h\0001\000,\000\040\000t\000h\000r\000e\000s\000h\0002\000\051}{subsection.6.1.3}% 46
\BOOKMARK [3][-]{subsubsection.6.1.3.11}{\376\377\0006\000.\0001\000.\0003\000.\0001\0001\000\040\000r\000o\000t\000a\000t\000e\000\050\000s\000e\000l\000f\000,\000\040\000r\000o\000t\000a\000t\000i\000o\000n\000\051}{subsection.6.1.3}% 47
\BOOKMARK [3][-]{subsubsection.6.1.3.12}{\376\377\0006\000.\0001\000.\0003\000.\0001\0002\000\040\000s\000p\000l\000i\000t\000i\000m\000a\000g\000e\000\050\000s\000e\000l\000f\000\051}{subsection.6.1.3}% 48
\BOOKMARK [3][-]{subsubsection.6.1.3.13}{\376\377\0006\000.\0001\000.\0003\000.\0001\0003\000\040\000t\000r\000a\000c\000e\000\050\000s\000e\000l\000f\000,\000\040\000s\000t\000a\000r\000t\000,\000\040\000e\000n\000d\000,\000\040\000w\000i\000d\000t\000h\000=\0001\000,\000\040\000o\000r\000d\000e\000r\000=\0001\000\051}{subsection.6.1.3}% 49
\BOOKMARK [3][-]{subsubsection.6.1.3.14}{\376\377\0006\000.\0001\000.\0003\000.\0001\0004\000\040\000t\000r\000a\000n\000s\000l\000a\000t\000e\000\050\000s\000e\000l\000f\000,\000\040\000t\000r\000a\000n\000s\000l\000a\000t\000i\000o\000n\000\051}{subsection.6.1.3}% 50
\BOOKMARK [3][-]{subsubsection.6.1.3.15}{\376\377\0006\000.\0001\000.\0003\000.\0001\0005\000\040\000t\000r\000a\000n\000s\000l\000a\000t\000e\000l\000i\000m\000i\000t\000s\000\050\000s\000e\000l\000f\000,\000\040\000t\000r\000a\000n\000s\000l\000a\000t\000i\000o\000n\000\051}{subsection.6.1.3}% 51
\BOOKMARK [2][-]{subsection.6.1.4}{\376\377\0006\000.\0001\000.\0004\000\040\000M\000e\000m\000b\000e\000r\000\040\000D\000a\000t\000a\000\040\000D\000o\000c\000u\000m\000e\000n\000t\000a\000t\000i\000o\000n}{section.6.1}% 52
\BOOKMARK [3][-]{subsubsection.6.1.4.1}{\376\377\0006\000.\0001\000.\0004\000.\0001\000\040\000m\000e\000t\000a\000d\000a\000t\000a}{subsection.6.1.4}% 53
\BOOKMARK [3][-]{subsubsection.6.1.4.2}{\376\377\0006\000.\0001\000.\0004\000.\0002\000\040\000s\000h\000a\000p\000e}{subsection.6.1.4}% 54
\BOOKMARK [1][-]{section.6.2}{\376\377\0006\000.\0002\000\040\000k\000e\000r\000m\000i\000t\000.\000K\000e\000r\000r\000G\000U\000I\000\040\000C\000l\000a\000s\000s\000\040\000R\000e\000f\000e\000r\000e\000n\000c\000e}{chapter.6}% 55
\BOOKMARK [2][-]{subsection.6.2.1}{\376\377\0006\000.\0002\000.\0001\000\040\000M\000e\000m\000b\000e\000r\000\040\000F\000u\000n\000c\000t\000i\000o\000n\000\040\000D\000o\000c\000u\000m\000e\000n\000t\000a\000t\000i\000o\000n}{section.6.2}% 56
\BOOKMARK [3][-]{subsubsection.6.2.1.1}{\376\377\0006\000.\0002\000.\0001\000.\0001\000\040\000d\000r\000a\000w\000r\000e\000c\000t\000a\000n\000g\000l\000e\000\050\000s\000e\000l\000f\000\051}{subsection.6.2.1}% 57
\BOOKMARK [3][-]{subsubsection.6.2.1.2}{\376\377\0006\000.\0002\000.\0001\000.\0002\000\040\000d\000r\000a\000w\000t\000r\000a\000c\000e\000\050\000v\000e\000r\000t\000c\000o\000o\000r\000d\000,\000\040\000w\000i\000d\000t\000h\000=\0001\000\051}{subsection.6.2.1}% 58
\BOOKMARK [3][-]{subsubsection.6.2.1.3}{\376\377\0006\000.\0002\000.\0001\000.\0003\000\040\000p\000l\000t\000h\000i\000s\000t\000o\000g\000r\000a\000m\000\050\000s\000e\000l\000f\000,\000\040\000k\000w\000a\000r\000g\000\051}{subsection.6.2.1}% 59
\BOOKMARK [1][-]{section.6.3}{\376\377\0006\000.\0003\000\040\000k\000e\000r\000r\000l\000i\000s\000t\000.\000K\000e\000r\000r\000L\000i\000s\000t\000\040\000C\000l\000a\000s\000s\000\040\000R\000e\000f\000e\000r\000e\000n\000c\000e}{chapter.6}% 60
\BOOKMARK [2][-]{subsection.6.3.1}{\376\377\0006\000.\0003\000.\0001\000\040\000D\000e\000t\000a\000i\000l\000e\000d\000\040\000D\000e\000s\000c\000r\000i\000p\000t\000i\000o\000n}{section.6.3}% 61
\BOOKMARK [2][-]{subsection.6.3.2}{\376\377\0006\000.\0003\000.\0002\000\040\000C\000o\000n\000s\000t\000r\000u\000c\000t\000o\000r\000\040\000\046\000\040\000D\000e\000s\000t\000r\000u\000c\000t\000o\000r\000\040\000D\000o\000c\000u\000m\000e\000n\000t\000a\000t\000i\000o\000n}{section.6.3}% 62
\BOOKMARK [3][-]{subsubsection.6.3.2.1}{\376\377\0006\000.\0003\000.\0002\000.\0001\000\040\000i\000n\000i\000t\000\050\000s\000e\000l\000f\000,\000\040\000l\000o\000a\000d\000p\000a\000t\000t\000e\000r\000n\000,\000\040\000c\000o\000n\000s\000e\000r\000v\000e\000m\000e\000m\000o\000r\000y\000=\000T\000r\000u\000e\000,\000\040\000l\000o\000a\000d\000f\000u\000n\000c\000=\000N\000o\000n\000e\000,\000\040\000l\000o\000a\000d\000f\000u\000n\000c\000k\000w\000a\000r\000g\000s\000\051}{subsection.6.3.2}% 63
\BOOKMARK [2][-]{subsection.6.3.3}{\376\377\0006\000.\0003\000.\0003\000\040\000M\000e\000m\000b\000e\000r\000\040\000F\000u\000n\000c\000t\000i\000o\000n\000\040\000D\000o\000c\000u\000m\000e\000n\000t\000a\000t\000i\000o\000n}{section.6.3}% 64
\BOOKMARK [3][-]{subsubsection.6.3.3.1}{\376\377\0006\000.\0003\000.\0003\000.\0001\000\040\000c\000o\000r\000r\000e\000c\000t\000i\000m\000a\000g\000e\000d\000r\000i\000f\000t\000\050\000s\000e\000l\000f\000,\000\040\000r\000e\000f\000,\000\040\000i\000m\000l\000i\000s\000t\000,\000\040\000t\000h\000r\000e\000s\000h\000o\000l\000d\000=\0000\000.\0000\0000\0005\000\051}{subsection.6.3.3}% 65
\BOOKMARK [3][-]{subsubsection.6.3.3.2}{\376\377\0006\000.\0003\000.\0003\000.\0002\000\040\000d\000r\000i\000f\000t\000l\000o\000o\000p\000c\000o\000r\000r\000e\000c\000t\000\050\000h\000y\000s\000l\000o\000o\000p\000,\000\040\000m\000a\000n\000u\000a\000l\000=\000F\000a\000l\000s\000e\000\051}{subsection.6.3.3}% 66
\BOOKMARK [3][-]{subsubsection.6.3.3.3}{\376\377\0006\000.\0003\000.\0003\000.\0003\000\040\000f\000a\000r\000a\000d\000a\000y\000c\000o\000r\000r\000e\000c\000t\000\050\000h\000y\000s\000l\000o\000o\000p\000,\000\040\000m\000a\000n\000u\000a\000l\000=\000F\000a\000l\000s\000e\000\051}{subsection.6.3.3}% 67
\BOOKMARK [3][-]{subsubsection.6.3.3.4}{\376\377\0006\000.\0003\000.\0003\000.\0004\000\040\000h\000y\000s\000t\000e\000r\000e\000s\000i\000s\000l\000o\000o\000p\000\050\000s\000e\000l\000f\000,\000\040\000f\000i\000e\000l\000d\000l\000i\000s\000t\000=\000N\000o\000n\000e\000,\000\040\000b\000o\000x\000=\000N\000o\000n\000e\000\051}{subsection.6.3.3}% 68
\BOOKMARK [3][-]{subsubsection.6.3.3.5}{\376\377\0006\000.\0003\000.\0003\000.\0005\000\040\000t\000r\000a\000n\000s\000f\000o\000r\000m\000i\000m\000a\000g\000e\000s\000\050\000i\000m\000l\000i\000s\000t\000,\000\040\000t\000r\000a\000n\000s\000l\000a\000t\000i\000o\000n\000=\000N\000o\000n\000e\000,\000\040\000r\000o\000t\000a\000t\000i\000o\000n\000=\000N\000o\000n\000e\000\051}{subsection.6.3.3}% 69
\BOOKMARK [0][-]{chapter.7}{\376\377\0007\000\040\000F\000i\000l\000e\000\040\000D\000o\000c\000u\000m\000e\000n\000t\000a\000t\000i\000o\000n}{}% 70
\BOOKMARK [1][-]{section.7.1}{\376\377\0007\000.\0001\000\040\000C\000:\000/\000U\000s\000e\000r\000s\000/\000p\000h\000y\000r\000c\000t\000/\000D\000r\000o\000p\000b\000o\000x\000/\000M\000e\000/\000C\000o\000d\000i\000n\000g\000/\000k\000e\000r\000m\000i\000t\000/\000k\000e\000r\000m\000i\000t\000/\000k\000e\000r\000m\000i\000t\000.\000p\000y\000\040\000F\000i\000l\000e\000\040\000R\000e\000f\000e\000r\000e\000n\000c\000e}{chapter.7}% 71
\BOOKMARK [1][-]{section.7.2}{\376\377\0007\000.\0002\000\040\000C\000:\000/\000U\000s\000e\000r\000s\000/\000p\000h\000y\000r\000c\000t\000/\000D\000r\000o\000p\000b\000o\000x\000/\000M\000e\000/\000C\000o\000d\000i\000n\000g\000/\000k\000e\000r\000m\000i\000t\000/\000k\000e\000r\000m\000i\000t\000/\000k\000e\000r\000r\000l\000i\000s\000t\000.\000p\000y\000\040\000F\000i\000l\000e\000\040\000R\000e\000f\000e\000r\000e\000n\000c\000e}{chapter.7}% 72
